{
  "0 debug pnpm:scope": {
    "selected": 1
  },
  "1 error pnpm": {
    "errno": 1,
    "code": "ELIFECYCLE",
    "pkgid": "mingine-engine@1.0.0",
    "stage": "build",
    "script": "dotnet fable src/Mingine.Engine -o dist",
    "pkgname": "mingine-engine",
    "err": {
      "name": "pnpm",
      "message": "mingine-engine@1.0.0 build: `dotnet fable src/Mingine.Engine -o dist`\nExit status 1",
      "code": "ELIFECYCLE",
      "stack": "pnpm: mingine-engine@1.0.0 build: `dotnet fable src/Mingine.Engine -o dist`\nExit status 1\n    at EventEmitter.<anonymous> (/usr/lib/node_modules/pnpm/dist/pnpm.cjs:106952:20)\n    at EventEmitter.emit (node:events:513:28)\n    at ChildProcess.<anonymous> (/usr/lib/node_modules/pnpm/dist/pnpm.cjs:93518:18)\n    at ChildProcess.emit (node:events:513:28)\n    at maybeClose (node:internal/child_process:1091:16)\n    at ChildProcess._handle.onexit (node:internal/child_process:302:5)"
    }
  },
  "2 warn pnpm:global": " Local package.json exists, but node_modules missing, did you mean to install?"
}